{
    "contracts/CustomBridge.sol": {
        "l": { "18": 0, "19": 0, "20": 0, "24": 0, "25": 0, "26": 0 },
        "path": "/Users/akshay/Code/UFO/ufo-smartcontracts/contracts/CustomBridge.sol",
        "s": { "1": 0, "2": 0, "3": 0, "4": 0, "5": 0, "6": 0 },
        "b": {},
        "f": { "1": 0, "2": 0 },
        "fnMap": {
            "1": { "name": "constructor", "line": 13, "loc": { "start": { "line": 13, "column": 4 }, "end": { "line": 21, "column": 4 } } },
            "2": {
                "name": "mintAndTransfer",
                "line": 23,
                "loc": { "start": { "line": 23, "column": 4 }, "end": { "line": 27, "column": 4 } }
            }
        },
        "statementMap": {
            "1": { "start": { "line": 18, "column": 8 }, "end": { "line": 18, "column": 39 } },
            "2": { "start": { "line": 19, "column": 8 }, "end": { "line": 19, "column": 33 } },
            "3": { "start": { "line": 20, "column": 8 }, "end": { "line": 20, "column": 33 } },
            "4": { "start": { "line": 24, "column": 8 }, "end": { "line": 24, "column": 86 } },
            "5": { "start": { "line": 25, "column": 8 }, "end": { "line": 25, "column": 64 } },
            "6": { "start": { "line": 26, "column": 8 }, "end": { "line": 26, "column": 99 } }
        },
        "branchMap": {}
    },
    "contracts/ethereum/Beacon.sol": {
        "l": { "10": 3, "11": 3, "15": 2380, "19": 0 },
        "path": "/Users/akshay/Code/UFO/ufo-smartcontracts/contracts/ethereum/Beacon.sol",
        "s": { "1": 3, "2": 3, "3": 2380, "4": 0 },
        "b": {},
        "f": { "1": 3, "2": 2380, "3": 0 },
        "fnMap": {
            "1": { "name": "constructor", "line": 9, "loc": { "start": { "line": 9, "column": 4 }, "end": { "line": 12, "column": 4 } } },
            "2": {
                "name": "implementation",
                "line": 14,
                "loc": { "start": { "line": 14, "column": 4 }, "end": { "line": 16, "column": 4 } }
            },
            "3": { "name": "changeImpl", "line": 18, "loc": { "start": { "line": 18, "column": 4 }, "end": { "line": 20, "column": 4 } } }
        },
        "statementMap": {
            "1": { "start": { "line": 10, "column": 8 }, "end": { "line": 10, "column": 19 } },
            "2": { "start": { "line": 11, "column": 8 }, "end": { "line": 11, "column": 32 } },
            "3": { "start": { "line": 15, "column": 8 }, "end": { "line": 15, "column": 19 } },
            "4": { "start": { "line": 19, "column": 8 }, "end": { "line": 19, "column": 22 } }
        },
        "branchMap": {}
    },
    "contracts/ethereum/DepositHelper.sol": {
        "l": {
            "20": 3,
            "21": 159,
            "22": 159,
            "25": 3,
            "26": 3,
            "27": 3,
            "30": 3,
            "31": 3,
            "33": 3,
            "34": 3,
            "38": 14,
            "39": 14,
            "43": 0,
            "44": 0,
            "48": 0,
            "49": 0,
            "50": 0,
            "53": 0,
            "54": 0,
            "55": 0
        },
        "path": "/Users/akshay/Code/UFO/ufo-smartcontracts/contracts/ethereum/DepositHelper.sol",
        "s": {
            "1": 3,
            "2": 159,
            "3": 159,
            "4": 3,
            "5": 3,
            "6": 3,
            "7": 3,
            "8": 3,
            "9": 3,
            "10": 3,
            "11": 14,
            "12": 14,
            "13": 0,
            "14": 0,
            "15": 0,
            "16": 0,
            "17": 0,
            "18": 0,
            "19": 0,
            "20": 0
        },
        "b": {},
        "f": { "1": 3, "2": 14, "3": 0, "4": 0 },
        "fnMap": {
            "1": { "name": "constructor", "line": 14, "loc": { "start": { "line": 14, "column": 4 }, "end": { "line": 35, "column": 4 } } },
            "2": {
                "name": "depositUfoToPool",
                "line": 37,
                "loc": { "start": { "line": 37, "column": 4 }, "end": { "line": 40, "column": 4 } }
            },
            "3": {
                "name": "depositLpToPool",
                "line": 42,
                "loc": { "start": { "line": 42, "column": 4 }, "end": { "line": 45, "column": 4 } }
            },
            "4": {
                "name": "resetAllowanes",
                "line": 47,
                "loc": { "start": { "line": 47, "column": 4 }, "end": { "line": 57, "column": 4 } }
            }
        },
        "statementMap": {
            "1": { "start": { "line": 20, "column": 8 }, "end": { "line": 20, "column": 564 } },
            "2": { "start": { "line": 21, "column": 12 }, "end": { "line": 21, "column": 45 } },
            "3": { "start": { "line": 22, "column": 12 }, "end": { "line": 22, "column": 52 } },
            "4": { "start": { "line": 25, "column": 8 }, "end": { "line": 25, "column": 748 } },
            "5": { "start": { "line": 26, "column": 12 }, "end": { "line": 26, "column": 46 } },
            "6": { "start": { "line": 27, "column": 12 }, "end": { "line": 27, "column": 53 } },
            "7": { "start": { "line": 30, "column": 8 }, "end": { "line": 30, "column": 27 } },
            "8": { "start": { "line": 31, "column": 8 }, "end": { "line": 31, "column": 25 } },
            "9": { "start": { "line": 33, "column": 8 }, "end": { "line": 33, "column": 31 } },
            "10": { "start": { "line": 34, "column": 8 }, "end": { "line": 34, "column": 33 } },
            "11": { "start": { "line": 38, "column": 8 }, "end": { "line": 38, "column": 63 } },
            "12": { "start": { "line": 39, "column": 8 }, "end": { "line": 39, "column": 51 } },
            "13": { "start": { "line": 43, "column": 8 }, "end": { "line": 43, "column": 62 } },
            "14": { "start": { "line": 44, "column": 8 }, "end": { "line": 44, "column": 51 } },
            "15": { "start": { "line": 48, "column": 8 }, "end": { "line": 48, "column": 1506 } },
            "16": { "start": { "line": 49, "column": 12 }, "end": { "line": 49, "column": 44 } },
            "17": { "start": { "line": 50, "column": 12 }, "end": { "line": 50, "column": 51 } },
            "18": { "start": { "line": 53, "column": 8 }, "end": { "line": 53, "column": 1687 } },
            "19": { "start": { "line": 54, "column": 12 }, "end": { "line": 54, "column": 45 } },
            "20": { "start": { "line": 55, "column": 12 }, "end": { "line": 55, "column": 52 } }
        },
        "branchMap": {}
    },
    "contracts/ethereum/Errors.sol": {
        "l": {},
        "path": "/Users/akshay/Code/UFO/ufo-smartcontracts/contracts/ethereum/Errors.sol",
        "s": {},
        "b": {},
        "f": {},
        "fnMap": {},
        "statementMap": {},
        "branchMap": {}
    },
    "contracts/ethereum/interfaces/IRootChainManager.sol": {
        "l": {},
        "path": "/Users/akshay/Code/UFO/ufo-smartcontracts/contracts/ethereum/interfaces/IRootChainManager.sol",
        "s": {},
        "b": {},
        "f": {},
        "fnMap": {},
        "statementMap": {},
        "branchMap": {}
    },
    "contracts/ethereum/interfaces/IStaking.sol": {
        "l": {},
        "path": "/Users/akshay/Code/UFO/ufo-smartcontracts/contracts/ethereum/interfaces/IStaking.sol",
        "s": {},
        "b": {},
        "f": {},
        "fnMap": {},
        "statementMap": {},
        "branchMap": {}
    },
    "contracts/ethereum/interfaces/IStakingFactory.sol": {
        "l": {},
        "path": "/Users/akshay/Code/UFO/ufo-smartcontracts/contracts/ethereum/interfaces/IStakingFactory.sol",
        "s": {},
        "b": {},
        "f": {},
        "fnMap": {},
        "statementMap": {},
        "branchMap": {}
    },
    "contracts/ethereum/mock/MockRootChainManager.sol": {
        "l": { "15": 479, "16": 479, "17": 477 },
        "path": "/Users/akshay/Code/UFO/ufo-smartcontracts/contracts/ethereum/mock/MockRootChainManager.sol",
        "s": { "1": 479, "2": 479, "3": 477 },
        "b": {},
        "f": { "1": 479 },
        "fnMap": {
            "1": { "name": "depositFor", "line": 10, "loc": { "start": { "line": 10, "column": 4 }, "end": { "line": 18, "column": 4 } } }
        },
        "statementMap": {
            "1": { "start": { "line": 15, "column": 8 }, "end": { "line": 15, "column": 59 } },
            "2": { "start": { "line": 16, "column": 8 }, "end": { "line": 16, "column": 63 } },
            "3": { "start": { "line": 17, "column": 8 }, "end": { "line": 17, "column": 48 } }
        },
        "branchMap": {}
    },
    "contracts/ethereum/Plasma.sol": {
        "l": { "16": 3, "20": 481, "21": 481, "25": 162, "29": 0, "33": 481, "34": 481 },
        "path": "/Users/akshay/Code/UFO/ufo-smartcontracts/contracts/ethereum/Plasma.sol",
        "s": { "1": 3, "2": 481, "3": 481, "4": 162, "5": 0, "6": 481 },
        "b": { "1": [481, 0] },
        "f": { "1": 3, "2": 481, "3": 162, "4": 0, "5": 481 },
        "fnMap": {
            "1": { "name": "constructor", "line": 15, "loc": { "start": { "line": 11, "column": 4 }, "end": { "line": 17, "column": 4 } } },
            "2": { "name": "mint", "line": 19, "loc": { "start": { "line": 19, "column": 4 }, "end": { "line": 22, "column": 4 } } },
            "3": { "name": "addMinter", "line": 24, "loc": { "start": { "line": 24, "column": 4 }, "end": { "line": 26, "column": 4 } } },
            "4": {
                "name": "removeMinter",
                "line": 28,
                "loc": { "start": { "line": 28, "column": 4 }, "end": { "line": 30, "column": 4 } }
            },
            "5": { "name": "onlyMinter", "line": 32, "loc": { "start": { "line": 32, "column": 4 }, "end": { "line": 35, "column": 4 } } }
        },
        "statementMap": {
            "1": { "start": { "line": 16, "column": 8 }, "end": { "line": 16, "column": 39 } },
            "2": { "start": { "line": 20, "column": 8 }, "end": { "line": 20, "column": 29 } },
            "3": { "start": { "line": 21, "column": 8 }, "end": { "line": 21, "column": 21 } },
            "4": { "start": { "line": 25, "column": 8 }, "end": { "line": 25, "column": 29 } },
            "5": { "start": { "line": 29, "column": 8 }, "end": { "line": 29, "column": 30 } },
            "6": { "start": { "line": 33, "column": 8 }, "end": { "line": 33, "column": 55 } }
        },
        "branchMap": {
            "1": {
                "line": 33,
                "type": "if",
                "locations": [
                    { "start": { "line": 33, "column": 8 }, "end": { "line": 33, "column": 8 } },
                    { "start": { "line": 33, "column": 8 }, "end": { "line": 33, "column": 8 } }
                ]
            }
        }
    },
    "contracts/ethereum/Staking.sol": {
        "l": {
            "161": 3,
            "162": 3,
            "163": 3,
            "165": 3,
            "167": 3,
            "168": 3,
            "170": 3,
            "186": 162,
            "187": 162,
            "188": 162,
            "190": 162,
            "191": 162,
            "192": 162,
            "194": 162,
            "196": 162,
            "197": 162,
            "198": 162,
            "199": 162,
            "200": 162,
            "201": 162,
            "210": 14,
            "211": 14,
            "212": 14,
            "213": 14,
            "215": 14,
            "216": 14,
            "218": 10,
            "226": 644,
            "227": 644,
            "228": 644,
            "229": 644,
            "231": 644,
            "232": 644,
            "234": 560,
            "243": 14,
            "244": 14,
            "245": 14,
            "246": 14,
            "248": 13,
            "258": 13,
            "259": 13,
            "261": 13,
            "265": 0,
            "266": 0,
            "267": 0,
            "269": 0,
            "279": 0,
            "280": 0,
            "281": 0,
            "282": 0,
            "295": 13,
            "296": 13,
            "297": 13,
            "298": 13,
            "306": 0,
            "307": 0,
            "308": 0,
            "310": 0,
            "311": 0,
            "312": 0,
            "313": 0,
            "315": 0,
            "316": 0,
            "317": 0,
            "327": 0,
            "328": 0,
            "330": 0,
            "331": 0,
            "333": 0,
            "334": 0,
            "336": 0,
            "337": 0,
            "339": 0,
            "340": 0,
            "342": 0,
            "344": 0,
            "345": 0,
            "347": 0,
            "348": 0,
            "350": 0,
            "363": 458,
            "364": 458,
            "366": 455,
            "367": 455,
            "368": 455,
            "370": 455,
            "371": 455,
            "373": 455,
            "374": 0,
            "376": 455,
            "377": 455,
            "379": 455,
            "381": 455,
            "382": 455,
            "384": 420,
            "385": 420,
            "386": 420,
            "388": 393,
            "396": 0,
            "397": 0,
            "398": 0,
            "401": 0,
            "402": 0,
            "410": 0,
            "411": 0,
            "412": 0,
            "413": 0,
            "415": 0,
            "425": 0,
            "426": 0,
            "427": 0,
            "428": 0,
            "429": 0,
            "442": 127,
            "443": 127,
            "444": 126,
            "445": 126,
            "446": 116,
            "454": 481,
            "455": 481,
            "456": 481,
            "457": 0,
            "459": 481,
            "460": 481,
            "461": 0,
            "464": 481,
            "476": 455,
            "477": 455,
            "490": 481,
            "491": 481,
            "492": 481,
            "496": 481,
            "497": 481,
            "498": 479,
            "502": 126,
            "510": 0,
            "511": 0,
            "512": 0,
            "526": 0,
            "527": 0,
            "528": 0,
            "529": 0,
            "530": 0,
            "531": 0,
            "538": 0,
            "545": 0,
            "553": 756,
            "554": 756,
            "561": 658,
            "562": 658,
            "569": 770,
            "570": 770,
            "577": 488,
            "578": 486,
            "585": 127,
            "586": 127,
            "593": 613,
            "594": 611
        },
        "path": "/Users/akshay/Code/UFO/ufo-smartcontracts/contracts/ethereum/Staking.sol",
        "s": {
            "1": 3,
            "2": 3,
            "3": 3,
            "4": 3,
            "5": 3,
            "6": 3,
            "7": 3,
            "8": 162,
            "9": 162,
            "10": 162,
            "11": 162,
            "12": 162,
            "13": 162,
            "14": 162,
            "15": 162,
            "16": 162,
            "17": 162,
            "18": 162,
            "19": 162,
            "20": 162,
            "21": 14,
            "22": 14,
            "23": 14,
            "24": 14,
            "25": 14,
            "26": 10,
            "27": 644,
            "28": 644,
            "29": 644,
            "30": 644,
            "31": 644,
            "32": 560,
            "33": 14,
            "34": 14,
            "35": 14,
            "36": 14,
            "37": 13,
            "38": 13,
            "39": 13,
            "40": 13,
            "41": 0,
            "42": 0,
            "43": 0,
            "44": 0,
            "45": 0,
            "46": 0,
            "47": 0,
            "48": 0,
            "49": 13,
            "50": 13,
            "51": 13,
            "52": 13,
            "53": 0,
            "54": 0,
            "55": 0,
            "56": 0,
            "57": 0,
            "58": 0,
            "59": 0,
            "60": 0,
            "61": 0,
            "62": 0,
            "63": 0,
            "64": 0,
            "65": 0,
            "66": 0,
            "67": 0,
            "68": 0,
            "69": 0,
            "70": 0,
            "71": 0,
            "72": 0,
            "73": 0,
            "74": 0,
            "75": 0,
            "76": 0,
            "77": 0,
            "78": 0,
            "79": 458,
            "80": 458,
            "81": 455,
            "82": 455,
            "83": 455,
            "84": 455,
            "85": 455,
            "86": 455,
            "87": 0,
            "88": 455,
            "89": 455,
            "90": 455,
            "91": 455,
            "92": 455,
            "93": 420,
            "94": 420,
            "95": 420,
            "96": 393,
            "97": 0,
            "98": 0,
            "99": 0,
            "100": 0,
            "101": 0,
            "102": 0,
            "103": 0,
            "104": 0,
            "105": 0,
            "106": 0,
            "107": 0,
            "108": 0,
            "109": 0,
            "110": 0,
            "111": 0,
            "112": 127,
            "113": 127,
            "114": 126,
            "115": 126,
            "116": 116,
            "117": 481,
            "118": 481,
            "119": 481,
            "120": 0,
            "121": 481,
            "122": 481,
            "123": 0,
            "124": 481,
            "125": 455,
            "126": 455,
            "127": 481,
            "128": 481,
            "129": 481,
            "130": 481,
            "131": 481,
            "132": 479,
            "133": 126,
            "134": 0,
            "135": 0,
            "136": 0,
            "137": 0,
            "138": 0,
            "139": 0,
            "140": 0,
            "141": 0,
            "142": 0,
            "143": 0,
            "144": 756,
            "145": 756,
            "146": 658,
            "147": 770,
            "148": 488,
            "149": 127,
            "150": 613
        },
        "b": {
            "1": [3, 0],
            "2": [3, 0],
            "3": [3, 0],
            "4": [162, 0],
            "5": [162, 0],
            "6": [162, 0],
            "7": [14, 0],
            "8": [0, 0],
            "9": [0, 0],
            "10": [0, 0],
            "11": [455, 3],
            "12": [0, 455],
            "13": [0, 0],
            "14": [0, 0],
            "15": [0, 0],
            "16": [126, 1],
            "17": [0, 481],
            "18": [0, 481],
            "19": [481, 0],
            "20": [0, 0],
            "21": [658, 0],
            "22": [770, 0],
            "23": [486, 2],
            "24": [127, 0],
            "25": [611, 2]
        },
        "f": {
            "1": 3,
            "2": 162,
            "3": 14,
            "4": 644,
            "5": 14,
            "6": 13,
            "7": 0,
            "8": 0,
            "9": 13,
            "10": 0,
            "11": 0,
            "12": 458,
            "13": 0,
            "14": 0,
            "15": 0,
            "16": 127,
            "17": 481,
            "18": 455,
            "19": 481,
            "20": 481,
            "21": 126,
            "22": 0,
            "23": 0,
            "24": 0,
            "25": 0,
            "26": 756,
            "27": 658,
            "28": 770,
            "29": 488,
            "30": 127,
            "31": 613
        },
        "fnMap": {
            "1": {
                "name": "constructor",
                "line": 156,
                "loc": { "start": { "line": 156, "column": 4 }, "end": { "line": 172, "column": 4 } }
            },
            "2": {
                "name": "initialize",
                "line": 185,
                "loc": { "start": { "line": 180, "column": 4 }, "end": { "line": 202, "column": 4 } }
            },
            "3": {
                "name": "depositTo",
                "line": 209,
                "loc": { "start": { "line": 209, "column": 4 }, "end": { "line": 219, "column": 4 } }
            },
            "4": { "name": "deposit", "line": 225, "loc": { "start": { "line": 225, "column": 4 }, "end": { "line": 235, "column": 4 } } },
            "5": {
                "name": "claimPlasmaFromFactory",
                "line": 242,
                "loc": { "start": { "line": 242, "column": 4 }, "end": { "line": 249, "column": 4 } }
            },
            "6": {
                "name": "_claimPlasmaFromFactory",
                "line": 255,
                "loc": { "start": { "line": 251, "column": 4 }, "end": { "line": 262, "column": 4 } }
            },
            "7": {
                "name": "claimPlasmaMultiple",
                "line": 264,
                "loc": { "start": { "line": 264, "column": 4 }, "end": { "line": 270, "column": 4 } }
            },
            "8": {
                "name": "_claimPlasmaMultiple",
                "line": 276,
                "loc": { "start": { "line": 272, "column": 4 }, "end": { "line": 283, "column": 4 } }
            },
            "9": {
                "name": "claimPlasma",
                "line": 293,
                "loc": { "start": { "line": 289, "column": 4 }, "end": { "line": 299, "column": 4 } }
            },
            "10": {
                "name": "withdrawUfoMultiple",
                "line": 305,
                "loc": { "start": { "line": 305, "column": 4 }, "end": { "line": 318, "column": 4 } }
            },
            "11": {
                "name": "_withdrawUfoMultiple",
                "line": 324,
                "loc": { "start": { "line": 320, "column": 4 }, "end": { "line": 351, "column": 4 } }
            },
            "12": {
                "name": "withdrawUfo",
                "line": 361,
                "loc": { "start": { "line": 357, "column": 4 }, "end": { "line": 389, "column": 4 } }
            },
            "13": {
                "name": "getUfoVestedAmount",
                "line": 395,
                "loc": { "start": { "line": 395, "column": 4 }, "end": { "line": 403, "column": 4 } }
            },
            "14": {
                "name": "withdrawVestedUfoMultiple",
                "line": 409,
                "loc": { "start": { "line": 409, "column": 4 }, "end": { "line": 416, "column": 4 } }
            },
            "15": {
                "name": "_withdrawVestedUfoMultiple",
                "line": 422,
                "loc": { "start": { "line": 418, "column": 4 }, "end": { "line": 430, "column": 4 } }
            },
            "16": {
                "name": "withdrawVestedUfo",
                "line": 440,
                "loc": { "start": { "line": 436, "column": 4 }, "end": { "line": 447, "column": 4 } }
            },
            "17": {
                "name": "getClaimablePlasma",
                "line": 453,
                "loc": { "start": { "line": 453, "column": 4 }, "end": { "line": 468, "column": 4 } }
            },
            "18": {
                "name": "getVestedRewards",
                "line": 475,
                "loc": { "start": { "line": 475, "column": 4 }, "end": { "line": 478, "column": 4 } }
            },
            "19": {
                "name": "_claimPlasma",
                "line": 485,
                "loc": { "start": { "line": 485, "column": 4 }, "end": { "line": 493, "column": 4 } }
            },
            "20": {
                "name": "_mintAndSendPlasma",
                "line": 495,
                "loc": { "start": { "line": 495, "column": 4 }, "end": { "line": 499, "column": 4 } }
            },
            "21": {
                "name": "_transferVestedRewards",
                "line": 501,
                "loc": { "start": { "line": 501, "column": 4 }, "end": { "line": 503, "column": 4 } }
            },
            "22": {
                "name": "emergencyWithdrawMultiple",
                "line": 509,
                "loc": { "start": { "line": 509, "column": 4 }, "end": { "line": 514, "column": 4 } }
            },
            "23": {
                "name": "emergencyWithdraw",
                "line": 524,
                "loc": { "start": { "line": 520, "column": 4 }, "end": { "line": 532, "column": 4 } }
            },
            "24": {
                "name": "pauseStaking",
                "line": 537,
                "loc": { "start": { "line": 537, "column": 4 }, "end": { "line": 539, "column": 4 } }
            },
            "25": {
                "name": "unpauseStaking",
                "line": 544,
                "loc": { "start": { "line": 544, "column": 4 }, "end": { "line": 546, "column": 4 } }
            },
            "26": {
                "name": "updatePlasmaPerBlockPerToken",
                "line": 552,
                "loc": { "start": { "line": 552, "column": 4 }, "end": { "line": 555, "column": 4 } }
            },
            "27": {
                "name": "beforeStakingEnds",
                "line": 560,
                "loc": { "start": { "line": 560, "column": 4 }, "end": { "line": 563, "column": 4 } }
            },
            "28": {
                "name": "onlyFactory",
                "line": 568,
                "loc": { "start": { "line": 568, "column": 4 }, "end": { "line": 571, "column": 4 } }
            },
            "29": {
                "name": "onlyWhenDeposited",
                "line": 576,
                "loc": { "start": { "line": 576, "column": 4 }, "end": { "line": 579, "column": 4 } }
            },
            "30": {
                "name": "onlyWhenWithdrawn",
                "line": 584,
                "loc": { "start": { "line": 584, "column": 4 }, "end": { "line": 587, "column": 4 } }
            },
            "31": {
                "name": "onlyDepositor",
                "line": 592,
                "loc": { "start": { "line": 592, "column": 4 }, "end": { "line": 595, "column": 4 } }
            }
        },
        "statementMap": {
            "1": { "start": { "line": 161, "column": 8 }, "end": { "line": 161, "column": 69 } },
            "2": { "start": { "line": 162, "column": 8 }, "end": { "line": 162, "column": 69 } },
            "3": { "start": { "line": 163, "column": 8 }, "end": { "line": 163, "column": 72 } },
            "4": { "start": { "line": 165, "column": 8 }, "end": { "line": 165, "column": 33 } },
            "5": { "start": { "line": 167, "column": 8 }, "end": { "line": 167, "column": 33 } },
            "6": { "start": { "line": 168, "column": 8 }, "end": { "line": 168, "column": 39 } },
            "7": { "start": { "line": 170, "column": 8 }, "end": { "line": 170, "column": 32 } },
            "8": { "start": { "line": 186, "column": 8 }, "end": { "line": 186, "column": 86 } },
            "9": { "start": { "line": 187, "column": 8 }, "end": { "line": 187, "column": 66 } },
            "10": { "start": { "line": 188, "column": 8 }, "end": { "line": 188, "column": 70 } },
            "11": { "start": { "line": 190, "column": 8 }, "end": { "line": 190, "column": 23 } },
            "12": { "start": { "line": 191, "column": 8 }, "end": { "line": 191, "column": 35 } },
            "13": { "start": { "line": 192, "column": 8 }, "end": { "line": 192, "column": 24 } },
            "14": { "start": { "line": 194, "column": 8 }, "end": { "line": 194, "column": 35 } },
            "15": { "start": { "line": 196, "column": 8 }, "end": { "line": 196, "column": 55 } },
            "16": { "start": { "line": 197, "column": 8 }, "end": { "line": 197, "column": 27 } },
            "17": { "start": { "line": 198, "column": 8 }, "end": { "line": 198, "column": 35 } },
            "18": { "start": { "line": 199, "column": 8 }, "end": { "line": 199, "column": 32 } },
            "19": { "start": { "line": 200, "column": 8 }, "end": { "line": 200, "column": 54 } },
            "20": { "start": { "line": 201, "column": 8 }, "end": { "line": 201, "column": 80 } },
            "21": { "start": { "line": 210, "column": 8 }, "end": { "line": 210, "column": 90 } },
            "22": { "start": { "line": 212, "column": 8 }, "end": { "line": 212, "column": 60 } },
            "23": { "start": { "line": 213, "column": 8 }, "end": { "line": 213, "column": 125 } },
            "24": { "start": { "line": 215, "column": 8 }, "end": { "line": 215, "column": 28 } },
            "25": { "start": { "line": 216, "column": 8 }, "end": { "line": 216, "column": 46 } },
            "26": { "start": { "line": 218, "column": 8 }, "end": { "line": 218, "column": 64 } },
            "27": { "start": { "line": 226, "column": 8 }, "end": { "line": 226, "column": 90 } },
            "28": { "start": { "line": 228, "column": 8 }, "end": { "line": 228, "column": 60 } },
            "29": { "start": { "line": 229, "column": 8 }, "end": { "line": 229, "column": 132 } },
            "30": { "start": { "line": 231, "column": 8 }, "end": { "line": 231, "column": 28 } },
            "31": { "start": { "line": 232, "column": 8 }, "end": { "line": 232, "column": 46 } },
            "32": { "start": { "line": 234, "column": 8 }, "end": { "line": 234, "column": 71 } },
            "33": { "start": { "line": 243, "column": 8 }, "end": { "line": 243, "column": 90 } },
            "34": { "start": { "line": 244, "column": 8 }, "end": { "line": 244, "column": 33 } },
            "35": { "start": { "line": 245, "column": 8 }, "end": { "line": 245, "column": 7819 } },
            "36": { "start": { "line": 246, "column": 12 }, "end": { "line": 246, "column": 89 } },
            "37": { "start": { "line": 248, "column": 8 }, "end": { "line": 248, "column": 55 } },
            "38": { "start": { "line": 258, "column": 8 }, "end": { "line": 258, "column": 83 } },
            "39": { "start": { "line": 259, "column": 8 }, "end": { "line": 259, "column": 66 } },
            "40": { "start": { "line": 261, "column": 8 }, "end": { "line": 261, "column": 65 } },
            "41": { "start": { "line": 265, "column": 8 }, "end": { "line": 265, "column": 27 } },
            "42": { "start": { "line": 266, "column": 8 }, "end": { "line": 266, "column": 8641 } },
            "43": { "start": { "line": 267, "column": 12 }, "end": { "line": 267, "column": 81 } },
            "44": { "start": { "line": 269, "column": 8 }, "end": { "line": 269, "column": 50 } },
            "45": { "start": { "line": 279, "column": 8 }, "end": { "line": 279, "column": 83 } },
            "46": { "start": { "line": 280, "column": 8 }, "end": { "line": 280, "column": 75 } },
            "47": { "start": { "line": 281, "column": 8 }, "end": { "line": 281, "column": 65 } },
            "48": { "start": { "line": 282, "column": 8 }, "end": { "line": 282, "column": 21 } },
            "49": { "start": { "line": 295, "column": 8 }, "end": { "line": 295, "column": 83 } },
            "50": { "start": { "line": 296, "column": 8 }, "end": { "line": 296, "column": 75 } },
            "51": { "start": { "line": 297, "column": 8 }, "end": { "line": 297, "column": 65 } },
            "52": { "start": { "line": 298, "column": 8 }, "end": { "line": 298, "column": 39 } },
            "53": { "start": { "line": 306, "column": 8 }, "end": { "line": 306, "column": 90 } },
            "54": { "start": { "line": 307, "column": 8 }, "end": { "line": 307, "column": 34 } },
            "55": { "start": { "line": 308, "column": 8 }, "end": { "line": 308, "column": 37 } },
            "56": { "start": { "line": 310, "column": 8 }, "end": { "line": 310, "column": 10290 } },
            "57": { "start": { "line": 311, "column": 12 }, "end": { "line": 311, "column": 92 } },
            "58": { "start": { "line": 312, "column": 12 }, "end": { "line": 312, "column": 34 } },
            "59": { "start": { "line": 313, "column": 12 }, "end": { "line": 313, "column": 37 } },
            "60": { "start": { "line": 315, "column": 8 }, "end": { "line": 315, "column": 86 } },
            "61": { "start": { "line": 316, "column": 8 }, "end": { "line": 316, "column": 57 } },
            "62": { "start": { "line": 317, "column": 8 }, "end": { "line": 317, "column": 46 } },
            "63": { "start": { "line": 327, "column": 8 }, "end": { "line": 327, "column": 58 } },
            "64": { "start": { "line": 328, "column": 8 }, "end": { "line": 328, "column": 80 } },
            "65": { "start": { "line": 330, "column": 8 }, "end": { "line": 330, "column": 83 } },
            "66": { "start": { "line": 331, "column": 8 }, "end": { "line": 331, "column": 72 } },
            "67": { "start": { "line": 333, "column": 8 }, "end": { "line": 333, "column": 50 } },
            "68": { "start": { "line": 334, "column": 8 }, "end": { "line": 334, "column": 42 } },
            "69": { "start": { "line": 336, "column": 8 }, "end": { "line": 336, "column": 11433 } },
            "70": { "start": { "line": 337, "column": 12 }, "end": { "line": 337, "column": 33 } },
            "71": { "start": { "line": 339, "column": 8 }, "end": { "line": 339, "column": 53 } },
            "72": { "start": { "line": 340, "column": 8 }, "end": { "line": 340, "column": 77 } },
            "73": { "start": { "line": 342, "column": 8 }, "end": { "line": 342, "column": 84 } },
            "74": { "start": { "line": 344, "column": 8 }, "end": { "line": 344, "column": 86 } },
            "75": { "start": { "line": 345, "column": 8 }, "end": { "line": 345, "column": 44 } },
            "76": { "start": { "line": 347, "column": 8 }, "end": { "line": 347, "column": 47 } },
            "77": { "start": { "line": 348, "column": 8 }, "end": { "line": 348, "column": 37 } },
            "78": { "start": { "line": 350, "column": 8 }, "end": { "line": 350, "column": 36 } },
            "79": { "start": { "line": 363, "column": 8 }, "end": { "line": 363, "column": 58 } },
            "80": { "start": { "line": 364, "column": 8 }, "end": { "line": 364, "column": 80 } },
            "81": { "start": { "line": 366, "column": 8 }, "end": { "line": 366, "column": 83 } },
            "82": { "start": { "line": 367, "column": 8 }, "end": { "line": 367, "column": 75 } },
            "83": { "start": { "line": 368, "column": 8 }, "end": { "line": 368, "column": 45 } },
            "84": { "start": { "line": 370, "column": 8 }, "end": { "line": 370, "column": 50 } },
            "85": { "start": { "line": 371, "column": 8 }, "end": { "line": 371, "column": 42 } },
            "86": { "start": { "line": 373, "column": 8 }, "end": { "line": 373, "column": 12733 } },
            "87": { "start": { "line": 374, "column": 12 }, "end": { "line": 374, "column": 33 } },
            "88": { "start": { "line": 376, "column": 8 }, "end": { "line": 376, "column": 53 } },
            "89": { "start": { "line": 377, "column": 8 }, "end": { "line": 377, "column": 77 } },
            "90": { "start": { "line": 379, "column": 8 }, "end": { "line": 379, "column": 84 } },
            "91": { "start": { "line": 381, "column": 8 }, "end": { "line": 381, "column": 86 } },
            "92": { "start": { "line": 382, "column": 8 }, "end": { "line": 382, "column": 44 } },
            "93": { "start": { "line": 384, "column": 8 }, "end": { "line": 384, "column": 74 } },
            "94": { "start": { "line": 385, "column": 8 }, "end": { "line": 385, "column": 37 } },
            "95": { "start": { "line": 386, "column": 8 }, "end": { "line": 386, "column": 46 } },
            "96": { "start": { "line": 388, "column": 8 }, "end": { "line": 388, "column": 36 } },
            "97": { "start": { "line": 396, "column": 8 }, "end": { "line": 396, "column": 58 } },
            "98": { "start": { "line": 397, "column": 8 }, "end": { "line": 397, "column": 13669 } },
            "99": { "start": { "line": 398, "column": 12 }, "end": { "line": 398, "column": 20 } },
            "100": { "start": { "line": 401, "column": 8 }, "end": { "line": 401, "column": 84 } },
            "101": { "start": { "line": 402, "column": 8 }, "end": { "line": 402, "column": 70 } },
            "102": { "start": { "line": 410, "column": 8 }, "end": { "line": 410, "column": 90 } },
            "103": { "start": { "line": 411, "column": 8 }, "end": { "line": 411, "column": 27 } },
            "104": { "start": { "line": 412, "column": 8 }, "end": { "line": 412, "column": 14256 } },
            "105": { "start": { "line": 413, "column": 12 }, "end": { "line": 413, "column": 87 } },
            "106": { "start": { "line": 415, "column": 8 }, "end": { "line": 415, "column": 54 } },
            "107": { "start": { "line": 425, "column": 8 }, "end": { "line": 425, "column": 58 } },
            "108": { "start": { "line": 426, "column": 8 }, "end": { "line": 426, "column": 95 } },
            "109": { "start": { "line": 427, "column": 8 }, "end": { "line": 427, "column": 58 } },
            "110": { "start": { "line": 428, "column": 8 }, "end": { "line": 428, "column": 48 } },
            "111": { "start": { "line": 429, "column": 8 }, "end": { "line": 429, "column": 37 } },
            "112": { "start": { "line": 442, "column": 8 }, "end": { "line": 442, "column": 58 } },
            "113": { "start": { "line": 443, "column": 8 }, "end": { "line": 443, "column": 95 } },
            "114": { "start": { "line": 444, "column": 8 }, "end": { "line": 444, "column": 58 } },
            "115": { "start": { "line": 445, "column": 8 }, "end": { "line": 445, "column": 65 } },
            "116": { "start": { "line": 446, "column": 8 }, "end": { "line": 446, "column": 48 } },
            "117": { "start": { "line": 454, "column": 8 }, "end": { "line": 454, "column": 58 } },
            "118": { "start": { "line": 455, "column": 8 }, "end": { "line": 455, "column": 27 } },
            "119": { "start": { "line": 456, "column": 8 }, "end": { "line": 456, "column": 16008 } },
            "120": { "start": { "line": 457, "column": 12 }, "end": { "line": 457, "column": 30 } },
            "121": { "start": { "line": 459, "column": 12 }, "end": { "line": 459, "column": 46 } },
            "122": { "start": { "line": 460, "column": 12 }, "end": { "line": 460, "column": 16177 } },
            "123": { "start": { "line": 461, "column": 16 }, "end": { "line": 461, "column": 37 } },
            "124": { "start": { "line": 464, "column": 12 }, "end": { "line": 464, "column": 16274 } },
            "125": { "start": { "line": 476, "column": 8 }, "end": { "line": 476, "column": 85 } },
            "126": { "start": { "line": 477, "column": 8 }, "end": { "line": 477, "column": 100 } },
            "127": { "start": { "line": 490, "column": 8 }, "end": { "line": 490, "column": 54 } },
            "128": { "start": { "line": 491, "column": 8 }, "end": { "line": 491, "column": 53 } },
            "129": { "start": { "line": 492, "column": 8 }, "end": { "line": 492, "column": 21 } },
            "130": { "start": { "line": 496, "column": 8 }, "end": { "line": 496, "column": 86 } },
            "131": { "start": { "line": 497, "column": 8 }, "end": { "line": 497, "column": 75 } },
            "132": { "start": { "line": 498, "column": 8 }, "end": { "line": 498, "column": 97 } },
            "133": { "start": { "line": 502, "column": 8 }, "end": { "line": 502, "column": 61 } },
            "134": { "start": { "line": 510, "column": 8 }, "end": { "line": 510, "column": 90 } },
            "135": { "start": { "line": 511, "column": 8 }, "end": { "line": 511, "column": 18342 } },
            "136": { "start": { "line": 512, "column": 12 }, "end": { "line": 512, "column": 51 } },
            "137": { "start": { "line": 526, "column": 8 }, "end": { "line": 526, "column": 57 } },
            "138": { "start": { "line": 527, "column": 8 }, "end": { "line": 527, "column": 83 } },
            "139": { "start": { "line": 528, "column": 8 }, "end": { "line": 528, "column": 37 } },
            "140": { "start": { "line": 529, "column": 8 }, "end": { "line": 529, "column": 83 } },
            "141": { "start": { "line": 531, "column": 8 }, "end": { "line": 531, "column": 49 } },
            "142": { "start": { "line": 538, "column": 8 }, "end": { "line": 538, "column": 15 } },
            "143": { "start": { "line": 545, "column": 8 }, "end": { "line": 545, "column": 17 } },
            "144": { "start": { "line": 553, "column": 8 }, "end": { "line": 553, "column": 55 } },
            "145": { "start": { "line": 554, "column": 8 }, "end": { "line": 554, "column": 66 } },
            "146": { "start": { "line": 561, "column": 8 }, "end": { "line": 561, "column": 79 } },
            "147": { "start": { "line": 569, "column": 8 }, "end": { "line": 569, "column": 67 } },
            "148": { "start": { "line": 577, "column": 8 }, "end": { "line": 577, "column": 106 } },
            "149": { "start": { "line": 585, "column": 8 }, "end": { "line": 585, "column": 106 } },
            "150": { "start": { "line": 593, "column": 8 }, "end": { "line": 593, "column": 80 } }
        },
        "branchMap": {
            "1": {
                "line": 161,
                "type": "if",
                "locations": [
                    { "start": { "line": 161, "column": 8 }, "end": { "line": 161, "column": 8 } },
                    { "start": { "line": 161, "column": 8 }, "end": { "line": 161, "column": 8 } }
                ]
            },
            "2": {
                "line": 162,
                "type": "if",
                "locations": [
                    { "start": { "line": 162, "column": 8 }, "end": { "line": 162, "column": 8 } },
                    { "start": { "line": 162, "column": 8 }, "end": { "line": 162, "column": 8 } }
                ]
            },
            "3": {
                "line": 163,
                "type": "if",
                "locations": [
                    { "start": { "line": 163, "column": 8 }, "end": { "line": 163, "column": 8 } },
                    { "start": { "line": 163, "column": 8 }, "end": { "line": 163, "column": 8 } }
                ]
            },
            "4": {
                "line": 186,
                "type": "if",
                "locations": [
                    { "start": { "line": 186, "column": 8 }, "end": { "line": 186, "column": 8 } },
                    { "start": { "line": 186, "column": 8 }, "end": { "line": 186, "column": 8 } }
                ]
            },
            "5": {
                "line": 187,
                "type": "if",
                "locations": [
                    { "start": { "line": 187, "column": 8 }, "end": { "line": 187, "column": 8 } },
                    { "start": { "line": 187, "column": 8 }, "end": { "line": 187, "column": 8 } }
                ]
            },
            "6": {
                "line": 188,
                "type": "if",
                "locations": [
                    { "start": { "line": 188, "column": 8 }, "end": { "line": 188, "column": 8 } },
                    { "start": { "line": 188, "column": 8 }, "end": { "line": 188, "column": 8 } }
                ]
            },
            "7": {
                "line": 243,
                "type": "if",
                "locations": [
                    { "start": { "line": 243, "column": 8 }, "end": { "line": 243, "column": 8 } },
                    { "start": { "line": 243, "column": 8 }, "end": { "line": 243, "column": 8 } }
                ]
            },
            "8": {
                "line": 306,
                "type": "if",
                "locations": [
                    { "start": { "line": 306, "column": 8 }, "end": { "line": 306, "column": 8 } },
                    { "start": { "line": 306, "column": 8 }, "end": { "line": 306, "column": 8 } }
                ]
            },
            "9": {
                "line": 328,
                "type": "if",
                "locations": [
                    { "start": { "line": 328, "column": 8 }, "end": { "line": 328, "column": 8 } },
                    { "start": { "line": 328, "column": 8 }, "end": { "line": 328, "column": 8 } }
                ]
            },
            "10": {
                "line": 336,
                "type": "if",
                "locations": [
                    { "start": { "line": 336, "column": 8 }, "end": { "line": 336, "column": 8 } },
                    { "start": { "line": 336, "column": 8 }, "end": { "line": 336, "column": 8 } }
                ]
            },
            "11": {
                "line": 364,
                "type": "if",
                "locations": [
                    { "start": { "line": 364, "column": 8 }, "end": { "line": 364, "column": 8 } },
                    { "start": { "line": 364, "column": 8 }, "end": { "line": 364, "column": 8 } }
                ]
            },
            "12": {
                "line": 373,
                "type": "if",
                "locations": [
                    { "start": { "line": 373, "column": 8 }, "end": { "line": 373, "column": 8 } },
                    { "start": { "line": 373, "column": 8 }, "end": { "line": 373, "column": 8 } }
                ]
            },
            "13": {
                "line": 397,
                "type": "if",
                "locations": [
                    { "start": { "line": 397, "column": 8 }, "end": { "line": 397, "column": 8 } },
                    { "start": { "line": 397, "column": 8 }, "end": { "line": 397, "column": 8 } }
                ]
            },
            "14": {
                "line": 410,
                "type": "if",
                "locations": [
                    { "start": { "line": 410, "column": 8 }, "end": { "line": 410, "column": 8 } },
                    { "start": { "line": 410, "column": 8 }, "end": { "line": 410, "column": 8 } }
                ]
            },
            "15": {
                "line": 426,
                "type": "if",
                "locations": [
                    { "start": { "line": 426, "column": 8 }, "end": { "line": 426, "column": 8 } },
                    { "start": { "line": 426, "column": 8 }, "end": { "line": 426, "column": 8 } }
                ]
            },
            "16": {
                "line": 443,
                "type": "if",
                "locations": [
                    { "start": { "line": 443, "column": 8 }, "end": { "line": 443, "column": 8 } },
                    { "start": { "line": 443, "column": 8 }, "end": { "line": 443, "column": 8 } }
                ]
            },
            "17": {
                "line": 456,
                "type": "if",
                "locations": [
                    { "start": { "line": 456, "column": 8 }, "end": { "line": 456, "column": 8 } },
                    { "start": { "line": 456, "column": 8 }, "end": { "line": 456, "column": 8 } }
                ]
            },
            "18": {
                "line": 460,
                "type": "if",
                "locations": [
                    { "start": { "line": 460, "column": 12 }, "end": { "line": 460, "column": 12 } },
                    { "start": { "line": 460, "column": 12 }, "end": { "line": 460, "column": 12 } }
                ]
            },
            "19": {
                "line": 490,
                "type": "if",
                "locations": [
                    { "start": { "line": 490, "column": 8 }, "end": { "line": 490, "column": 8 } },
                    { "start": { "line": 490, "column": 8 }, "end": { "line": 490, "column": 8 } }
                ]
            },
            "20": {
                "line": 510,
                "type": "if",
                "locations": [
                    { "start": { "line": 510, "column": 8 }, "end": { "line": 510, "column": 8 } },
                    { "start": { "line": 510, "column": 8 }, "end": { "line": 510, "column": 8 } }
                ]
            },
            "21": {
                "line": 561,
                "type": "if",
                "locations": [
                    { "start": { "line": 561, "column": 8 }, "end": { "line": 561, "column": 8 } },
                    { "start": { "line": 561, "column": 8 }, "end": { "line": 561, "column": 8 } }
                ]
            },
            "22": {
                "line": 569,
                "type": "if",
                "locations": [
                    { "start": { "line": 569, "column": 8 }, "end": { "line": 569, "column": 8 } },
                    { "start": { "line": 569, "column": 8 }, "end": { "line": 569, "column": 8 } }
                ]
            },
            "23": {
                "line": 577,
                "type": "if",
                "locations": [
                    { "start": { "line": 577, "column": 8 }, "end": { "line": 577, "column": 8 } },
                    { "start": { "line": 577, "column": 8 }, "end": { "line": 577, "column": 8 } }
                ]
            },
            "24": {
                "line": 585,
                "type": "if",
                "locations": [
                    { "start": { "line": 585, "column": 8 }, "end": { "line": 585, "column": 8 } },
                    { "start": { "line": 585, "column": 8 }, "end": { "line": 585, "column": 8 } }
                ]
            },
            "25": {
                "line": 593,
                "type": "if",
                "locations": [
                    { "start": { "line": 593, "column": 8 }, "end": { "line": 593, "column": 8 } },
                    { "start": { "line": 593, "column": 8 }, "end": { "line": 593, "column": 8 } }
                ]
            }
        }
    },
    "contracts/ethereum/StakingFactory.sol": {
        "l": {
            "112": 3,
            "113": 3,
            "114": 3,
            "116": 3,
            "119": 3,
            "122": 3,
            "123": 3,
            "125": 81,
            "126": 81,
            "140": 81,
            "141": 81,
            "149": 0,
            "169": 162,
            "170": 162,
            "172": 162,
            "173": 162,
            "174": 162,
            "175": 162,
            "176": 162,
            "177": 162,
            "185": 1078,
            "186": 1078,
            "187": 766,
            "188": 766,
            "190": 312,
            "191": 312,
            "193": 1065,
            "194": 964,
            "203": 126,
            "204": 88,
            "206": 38,
            "208": 126,
            "215": 458,
            "216": 458,
            "224": 456,
            "225": 456,
            "226": 0,
            "228": 456,
            "230": 456,
            "231": 456,
            "233": 0,
            "235": 456,
            "237": 456,
            "238": 456,
            "246": 1,
            "247": 1,
            "248": 1,
            "249": 0,
            "251": 1,
            "259": 3,
            "260": 3,
            "268": 3,
            "269": 3,
            "277": 0,
            "278": 0,
            "287": 14,
            "288": 14,
            "289": 14,
            "298": 14,
            "299": 378,
            "300": 378,
            "309": 14,
            "310": 378,
            "311": 378,
            "321": 14,
            "322": 14,
            "323": 14,
            "330": 1204,
            "331": 1204
        },
        "path": "/Users/akshay/Code/UFO/ufo-smartcontracts/contracts/ethereum/StakingFactory.sol",
        "s": {
            "1": 3,
            "2": 3,
            "3": 3,
            "4": 3,
            "5": 3,
            "6": 3,
            "7": 3,
            "8": 81,
            "9": 81,
            "10": 81,
            "11": 81,
            "12": 0,
            "13": 162,
            "14": 162,
            "15": 162,
            "16": 162,
            "17": 162,
            "18": 162,
            "19": 162,
            "20": 162,
            "21": 1078,
            "22": 1078,
            "23": 766,
            "24": 766,
            "25": 312,
            "26": 312,
            "27": 1065,
            "28": 964,
            "29": 126,
            "30": 88,
            "31": 38,
            "32": 126,
            "33": 458,
            "34": 458,
            "35": 456,
            "36": 456,
            "37": 0,
            "38": 456,
            "39": 456,
            "40": 456,
            "41": 0,
            "42": 456,
            "43": 456,
            "44": 456,
            "45": 1,
            "46": 1,
            "47": 1,
            "48": 0,
            "49": 1,
            "50": 3,
            "51": 3,
            "52": 3,
            "53": 3,
            "54": 0,
            "55": 0,
            "56": 14,
            "57": 14,
            "58": 14,
            "59": 14,
            "60": 378,
            "61": 378,
            "62": 14,
            "63": 378,
            "64": 378,
            "65": 14,
            "66": 14,
            "67": 14,
            "68": 1204
        },
        "b": {
            "1": [162, 0],
            "2": [162, 0],
            "3": [766, 312],
            "4": [88, 38],
            "5": [0, 456],
            "6": [0, 456],
            "7": [0, 1],
            "8": [3, 0],
            "9": [3, 0],
            "10": [14, 0],
            "11": [14, 0],
            "12": [1204, 0]
        },
        "f": {
            "1": 3,
            "2": 81,
            "3": 0,
            "4": 162,
            "5": 1078,
            "6": 126,
            "7": 458,
            "8": 456,
            "9": 1,
            "10": 3,
            "11": 3,
            "12": 0,
            "13": 14,
            "14": 14,
            "15": 14,
            "16": 14,
            "17": 1204
        },
        "fnMap": {
            "1": {
                "name": "constructor",
                "line": 103,
                "loc": { "start": { "line": 103, "column": 4 }, "end": { "line": 128, "column": 4 } }
            },
            "2": {
                "name": "_createUfoAndLpPools",
                "line": 130,
                "loc": { "start": { "line": 130, "column": 4 }, "end": { "line": 142, "column": 4 } }
            },
            "3": {
                "name": "approxNumberOfBlockPerDays",
                "line": 148,
                "loc": { "start": { "line": 148, "column": 4 }, "end": { "line": 150, "column": 4 } }
            },
            "4": {
                "name": "_createPool",
                "line": 160,
                "loc": { "start": { "line": 160, "column": 4 }, "end": { "line": 178, "column": 4 } }
            },
            "5": {
                "name": "updateTVL",
                "line": 184,
                "loc": { "start": { "line": 184, "column": 4 }, "end": { "line": 195, "column": 4 } }
            },
            "6": {
                "name": "flushReward",
                "line": 202,
                "loc": { "start": { "line": 202, "column": 4 }, "end": { "line": 209, "column": 4 } }
            },
            "7": {
                "name": "getTotalTVLWeight",
                "line": 214,
                "loc": { "start": { "line": 214, "column": 4 }, "end": { "line": 217, "column": 4 } }
            },
            "8": {
                "name": "getPoolShare",
                "line": 223,
                "loc": { "start": { "line": 223, "column": 4 }, "end": { "line": 239, "column": 4 } }
            },
            "9": {
                "name": "getPoolApr",
                "line": 245,
                "loc": { "start": { "line": 245, "column": 4 }, "end": { "line": 252, "column": 4 } }
            },
            "10": {
                "name": "changeUfoRewardsForUfoPools",
                "line": 258,
                "loc": { "start": { "line": 258, "column": 4 }, "end": { "line": 261, "column": 4 } }
            },
            "11": {
                "name": "changeUfoRewardsForLpPools",
                "line": 267,
                "loc": { "start": { "line": 267, "column": 4 }, "end": { "line": 270, "column": 4 } }
            },
            "12": {
                "name": "emergencyWithdrawRewardBalance",
                "line": 276,
                "loc": { "start": { "line": 276, "column": 4 }, "end": { "line": 279, "column": 4 } }
            },
            "13": {
                "name": "claimPlasmaFromPools",
                "line": 286,
                "loc": { "start": { "line": 286, "column": 4 }, "end": { "line": 291, "column": 4 } }
            },
            "14": {
                "name": "changeUfoPoolPlasmaPerBlockPerToken",
                "line": 297,
                "loc": { "start": { "line": 297, "column": 4 }, "end": { "line": 302, "column": 4 } }
            },
            "15": {
                "name": "changeLpPoolPlasmaPerBlockPerToken",
                "line": 308,
                "loc": { "start": { "line": 308, "column": 4 }, "end": { "line": 313, "column": 4 } }
            },
            "16": {
                "name": "claimPlasmaFromPool",
                "line": 320,
                "loc": { "start": { "line": 320, "column": 4 }, "end": { "line": 324, "column": 4 } }
            },
            "17": { "name": "onlyPool", "line": 329, "loc": { "start": { "line": 329, "column": 4 }, "end": { "line": 332, "column": 4 } } }
        },
        "statementMap": {
            "1": { "start": { "line": 112, "column": 8 }, "end": { "line": 112, "column": 40 } },
            "2": { "start": { "line": 113, "column": 8 }, "end": { "line": 113, "column": 58 } },
            "3": { "start": { "line": 114, "column": 8 }, "end": { "line": 114, "column": 56 } },
            "4": { "start": { "line": 116, "column": 8 }, "end": { "line": 116, "column": 33 } },
            "5": { "start": { "line": 119, "column": 8 }, "end": { "line": 119, "column": 41 } },
            "6": { "start": { "line": 122, "column": 8 }, "end": { "line": 122, "column": 67 } },
            "7": { "start": { "line": 123, "column": 8 }, "end": { "line": 123, "column": 3441 } },
            "8": { "start": { "line": 125, "column": 12 }, "end": { "line": 125, "column": 74 } },
            "9": { "start": { "line": 126, "column": 12 }, "end": { "line": 126, "column": 125 } },
            "10": { "start": { "line": 140, "column": 8 }, "end": { "line": 140, "column": 93 } },
            "11": { "start": { "line": 141, "column": 8 }, "end": { "line": 141, "column": 87 } },
            "12": { "start": { "line": 149, "column": 8 }, "end": { "line": 149, "column": 63 } },
            "13": { "start": { "line": 169, "column": 8 }, "end": { "line": 169, "column": 59 } },
            "14": { "start": { "line": 170, "column": 8 }, "end": { "line": 170, "column": 60 } },
            "15": { "start": { "line": 172, "column": 8 }, "end": { "line": 172, "column": 26 } },
            "16": { "start": { "line": 173, "column": 8 }, "end": { "line": 173, "column": 64 } },
            "17": { "start": { "line": 174, "column": 8 }, "end": { "line": 174, "column": 95 } },
            "18": { "start": { "line": 175, "column": 8 }, "end": { "line": 175, "column": 68 } },
            "19": { "start": { "line": 176, "column": 8 }, "end": { "line": 176, "column": 49 } },
            "20": { "start": { "line": 177, "column": 8 }, "end": { "line": 177, "column": 41 } },
            "21": { "start": { "line": 185, "column": 8 }, "end": { "line": 185, "column": 45 } },
            "22": { "start": { "line": 186, "column": 8 }, "end": { "line": 186, "column": 5939 } },
            "23": { "start": { "line": 187, "column": 12 }, "end": { "line": 187, "column": 91 } },
            "24": { "start": { "line": 188, "column": 12 }, "end": { "line": 188, "column": 86 } },
            "25": { "start": { "line": 190, "column": 12 }, "end": { "line": 190, "column": 89 } },
            "26": { "start": { "line": 191, "column": 12 }, "end": { "line": 191, "column": 84 } },
            "27": { "start": { "line": 193, "column": 8 }, "end": { "line": 193, "column": 21 } },
            "28": { "start": { "line": 194, "column": 8 }, "end": { "line": 194, "column": 39 } },
            "29": { "start": { "line": 203, "column": 8 }, "end": { "line": 203, "column": 6696 } },
            "30": { "start": { "line": 204, "column": 12 }, "end": { "line": 204, "column": 82 } },
            "31": { "start": { "line": 206, "column": 12 }, "end": { "line": 206, "column": 80 } },
            "32": { "start": { "line": 208, "column": 8 }, "end": { "line": 208, "column": 53 } },
            "33": { "start": { "line": 215, "column": 8 }, "end": { "line": 215, "column": 37 } },
            "34": { "start": { "line": 216, "column": 8 }, "end": { "line": 216, "column": 35 } },
            "35": { "start": { "line": 224, "column": 8 }, "end": { "line": 224, "column": 40 } },
            "36": { "start": { "line": 225, "column": 8 }, "end": { "line": 225, "column": 7558 } },
            "37": { "start": { "line": 226, "column": 12 }, "end": { "line": 226, "column": 20 } },
            "38": { "start": { "line": 228, "column": 8 }, "end": { "line": 228, "column": 75 } },
            "39": { "start": { "line": 230, "column": 8 }, "end": { "line": 230, "column": 77 } },
            "40": { "start": { "line": 231, "column": 8 }, "end": { "line": 231, "column": 7776 } },
            "41": { "start": { "line": 233, "column": 12 }, "end": { "line": 233, "column": 20 } },
            "42": { "start": { "line": 235, "column": 8 }, "end": { "line": 235, "column": 90 } },
            "43": { "start": { "line": 237, "column": 8 }, "end": { "line": 237, "column": 107 } },
            "44": { "start": { "line": 238, "column": 8 }, "end": { "line": 238, "column": 120 } },
            "45": { "start": { "line": 246, "column": 8 }, "end": { "line": 246, "column": 42 } },
            "46": { "start": { "line": 247, "column": 8 }, "end": { "line": 247, "column": 40 } },
            "47": { "start": { "line": 248, "column": 8 }, "end": { "line": 248, "column": 8560 } },
            "48": { "start": { "line": 249, "column": 12 }, "end": { "line": 249, "column": 20 } },
            "49": { "start": { "line": 251, "column": 8 }, "end": { "line": 251, "column": 47 } },
            "50": { "start": { "line": 259, "column": 8 }, "end": { "line": 259, "column": 88 } },
            "51": { "start": { "line": 260, "column": 8 }, "end": { "line": 260, "column": 37 } },
            "52": { "start": { "line": 268, "column": 8 }, "end": { "line": 268, "column": 88 } },
            "53": { "start": { "line": 269, "column": 8 }, "end": { "line": 269, "column": 36 } },
            "54": { "start": { "line": 277, "column": 8 }, "end": { "line": 277, "column": 76 } },
            "55": { "start": { "line": 278, "column": 8 }, "end": { "line": 278, "column": 65 } },
            "56": { "start": { "line": 287, "column": 8 }, "end": { "line": 287, "column": 82 } },
            "57": { "start": { "line": 288, "column": 8 }, "end": { "line": 288, "column": 10093 } },
            "58": { "start": { "line": 289, "column": 12 }, "end": { "line": 289, "column": 73 } },
            "59": { "start": { "line": 298, "column": 8 }, "end": { "line": 298, "column": 10473 } },
            "60": { "start": { "line": 299, "column": 12 }, "end": { "line": 299, "column": 57 } },
            "61": { "start": { "line": 300, "column": 12 }, "end": { "line": 300, "column": 64 } },
            "62": { "start": { "line": 309, "column": 8 }, "end": { "line": 309, "column": 10896 } },
            "63": { "start": { "line": 310, "column": 12 }, "end": { "line": 310, "column": 57 } },
            "64": { "start": { "line": 311, "column": 12 }, "end": { "line": 311, "column": 64 } },
            "65": { "start": { "line": 321, "column": 8 }, "end": { "line": 321, "column": 57 } },
            "66": { "start": { "line": 322, "column": 8 }, "end": { "line": 322, "column": 61 } },
            "67": { "start": { "line": 323, "column": 8 }, "end": { "line": 323, "column": 72 } },
            "68": { "start": { "line": 330, "column": 8 }, "end": { "line": 330, "column": 68 } }
        },
        "branchMap": {
            "1": {
                "line": 169,
                "type": "if",
                "locations": [
                    { "start": { "line": 169, "column": 8 }, "end": { "line": 169, "column": 8 } },
                    { "start": { "line": 169, "column": 8 }, "end": { "line": 169, "column": 8 } }
                ]
            },
            "2": {
                "line": 170,
                "type": "if",
                "locations": [
                    { "start": { "line": 170, "column": 8 }, "end": { "line": 170, "column": 8 } },
                    { "start": { "line": 170, "column": 8 }, "end": { "line": 170, "column": 8 } }
                ]
            },
            "3": {
                "line": 186,
                "type": "if",
                "locations": [
                    { "start": { "line": 186, "column": 8 }, "end": { "line": 186, "column": 8 } },
                    { "start": { "line": 186, "column": 8 }, "end": { "line": 186, "column": 8 } }
                ]
            },
            "4": {
                "line": 203,
                "type": "if",
                "locations": [
                    { "start": { "line": 203, "column": 8 }, "end": { "line": 203, "column": 8 } },
                    { "start": { "line": 203, "column": 8 }, "end": { "line": 203, "column": 8 } }
                ]
            },
            "5": {
                "line": 225,
                "type": "if",
                "locations": [
                    { "start": { "line": 225, "column": 8 }, "end": { "line": 225, "column": 8 } },
                    { "start": { "line": 225, "column": 8 }, "end": { "line": 225, "column": 8 } }
                ]
            },
            "6": {
                "line": 231,
                "type": "if",
                "locations": [
                    { "start": { "line": 231, "column": 8 }, "end": { "line": 231, "column": 8 } },
                    { "start": { "line": 231, "column": 8 }, "end": { "line": 231, "column": 8 } }
                ]
            },
            "7": {
                "line": 248,
                "type": "if",
                "locations": [
                    { "start": { "line": 248, "column": 8 }, "end": { "line": 248, "column": 8 } },
                    { "start": { "line": 248, "column": 8 }, "end": { "line": 248, "column": 8 } }
                ]
            },
            "8": {
                "line": 259,
                "type": "if",
                "locations": [
                    { "start": { "line": 259, "column": 8 }, "end": { "line": 259, "column": 8 } },
                    { "start": { "line": 259, "column": 8 }, "end": { "line": 259, "column": 8 } }
                ]
            },
            "9": {
                "line": 268,
                "type": "if",
                "locations": [
                    { "start": { "line": 268, "column": 8 }, "end": { "line": 268, "column": 8 } },
                    { "start": { "line": 268, "column": 8 }, "end": { "line": 268, "column": 8 } }
                ]
            },
            "10": {
                "line": 287,
                "type": "if",
                "locations": [
                    { "start": { "line": 287, "column": 8 }, "end": { "line": 287, "column": 8 } },
                    { "start": { "line": 287, "column": 8 }, "end": { "line": 287, "column": 8 } }
                ]
            },
            "11": {
                "line": 322,
                "type": "if",
                "locations": [
                    { "start": { "line": 322, "column": 8 }, "end": { "line": 322, "column": 8 } },
                    { "start": { "line": 322, "column": 8 }, "end": { "line": 322, "column": 8 } }
                ]
            },
            "12": {
                "line": 330,
                "type": "if",
                "locations": [
                    { "start": { "line": 330, "column": 8 }, "end": { "line": 330, "column": 8 } },
                    { "start": { "line": 330, "column": 8 }, "end": { "line": 330, "column": 8 } }
                ]
            }
        }
    },
    "contracts/IlockToken.sol": {
        "l": {},
        "path": "/Users/akshay/Code/UFO/ufo-smartcontracts/contracts/IlockToken.sol",
        "s": {},
        "b": {},
        "f": {},
        "fnMap": {},
        "statementMap": {},
        "branchMap": {}
    },
    "contracts/onlyForTypechain/Proxy.sol": {
        "l": {},
        "path": "/Users/akshay/Code/UFO/ufo-smartcontracts/contracts/onlyForTypechain/Proxy.sol",
        "s": {},
        "b": {},
        "f": {},
        "fnMap": {},
        "statementMap": {},
        "branchMap": {}
    }
}
